/*C2*/SET SCHEMA PUBLIC
DROP TABLE SoccerMatches
CREATE TABLE SOCCERMATCHES (SoccerLeague VARCHAR(70), HomeTeam VARCHAR(25), AwayTeam VARCHAR(25), HomeScore INT,AwayScore INT, Month INT, Day INT, Year INT)
INSERT INTO SOCCERMATCHES VALUES('North American Soccer League','CAROLINA RAILHAWKS','MINNESOTA UNITED FC',2,1,4,2,2016)
COMMIT
INSERT INTO SOCCERMATCHES VALUES('North American Soccer League','FORT LAUDERDALE STRIKERS','MIAMI FC',1,1,4,2,2016)
COMMIT
INSERT INTO SOCCERMATCHES VALUES('North American Soccer League','TAMPA BAY ROWDIES','INDY ELEVEN',0,0,4,2,2016)
COMMIT
INSERT INTO SOCCERMATCHES VALUES('North American Soccer League','RAYO OKC','FC EDMONTON',0,0,4,2,2016)
COMMIT
INSERT INTO SOCCERMATCHES VALUES('North American Soccer League','NEW YORK COSMOS','OTTAWA FURY FC',3,0,4,3,2016)
COMMIT
DISCONNECT
/*C3*/SET SCHEMA PUBLIC
DISCONNECT
/*C4*/SET SCHEMA PUBLIC
DISCONNECT
/*C5*/SET SCHEMA PUBLIC
DISCONNECT
/*C6*/SET SCHEMA PUBLIC
DELETE FROM SOCCERMATCHES WHERE SOCCERLEAGUE='North American Soccer League' AND HOMETEAM='CAROLINA RAILHAWKS' AND AWAYTEAM='MINNESOTA UNITED FC' AND HOMESCORE=2 AND AWAYSCORE=1 AND MONTH=4 AND DAY=2 AND YEAR=2016
COMMIT
DISCONNECT
/*C7*/SET SCHEMA PUBLIC
DISCONNECT
/*C8*/SET SCHEMA PUBLIC
INSERT INTO SOCCERMATCHES VALUES('SOUTH AMERICAN LEAGUE','HAWKS','SNAKES',5,2,26,5,1980)
COMMIT
DISCONNECT
/*C9*/SET SCHEMA PUBLIC
DISCONNECT
